[debug] [2022-12-30T12:44:51.768Z] ----------------------------------------------------------------------
[debug] [2022-12-30T12:44:51.769Z] Command:       /usr/local/bin/node /Users/naimurrahman/.npm-global/bin/firebase deploy
[debug] [2022-12-30T12:44:51.770Z] CLI Version:   11.19.0
[debug] [2022-12-30T12:44:51.770Z] Platform:      darwin
[debug] [2022-12-30T12:44:51.770Z] Node Version:  v16.16.0
[debug] [2022-12-30T12:44:51.775Z] Time:          Fri Dec 30 2022 18:44:51 GMT+0600 (Bangladesh Standard Time)
[debug] [2022-12-30T12:44:51.777Z] ----------------------------------------------------------------------
[debug] 
[debug] [2022-12-30T12:44:51.815Z] > command requires scopes: ["email","openid","https://www.googleapis.com/auth/cloudplatformprojects.readonly","https://www.googleapis.com/auth/firebase","https://www.googleapis.com/auth/cloud-platform"]
[debug] [2022-12-30T12:44:51.816Z] > authorizing via signed-in user (mnrahaman3954@gmail.com)
[debug] [2022-12-30T12:44:51.816Z] [iam] checking project task-master-7f062 for permissions ["firebase.projects.get","firebasehosting.sites.update"]
[debug] [2022-12-30T12:44:51.816Z] > refreshing access token with scopes: []
[debug] [2022-12-30T12:44:51.817Z] >>> [apiv2][query] POST https://www.googleapis.com/oauth2/v3/token [none]
[debug] [2022-12-30T12:44:51.817Z] >>> [apiv2][body] POST https://www.googleapis.com/oauth2/v3/token [omitted]
[debug] [2022-12-30T12:44:52.372Z] <<< [apiv2][status] POST https://www.googleapis.com/oauth2/v3/token 200
[debug] [2022-12-30T12:44:52.373Z] <<< [apiv2][body] POST https://www.googleapis.com/oauth2/v3/token [omitted]
[debug] [2022-12-30T12:44:52.388Z] >>> [apiv2][query] POST https://cloudresourcemanager.googleapis.com/v1/projects/task-master-7f062:testIamPermissions [none]
[debug] [2022-12-30T12:44:52.388Z] >>> [apiv2][(partial)header] POST https://cloudresourcemanager.googleapis.com/v1/projects/task-master-7f062:testIamPermissions x-goog-quota-user=projects/task-master-7f062
[debug] [2022-12-30T12:44:52.388Z] >>> [apiv2][body] POST https://cloudresourcemanager.googleapis.com/v1/projects/task-master-7f062:testIamPermissions {"permissions":["firebase.projects.get","firebasehosting.sites.update"]}
[debug] [2022-12-30T12:44:54.180Z] <<< [apiv2][status] POST https://cloudresourcemanager.googleapis.com/v1/projects/task-master-7f062:testIamPermissions 200
[debug] [2022-12-30T12:44:54.180Z] <<< [apiv2][body] POST https://cloudresourcemanager.googleapis.com/v1/projects/task-master-7f062:testIamPermissions {"permissions":["firebase.projects.get","firebasehosting.sites.update"]}
[debug] [2022-12-30T12:44:54.181Z] >>> [apiv2][query] GET https://firebase.googleapis.com/v1beta1/projects/task-master-7f062 [none]
[debug] [2022-12-30T12:44:54.966Z] <<< [apiv2][status] GET https://firebase.googleapis.com/v1beta1/projects/task-master-7f062 200
[debug] [2022-12-30T12:44:54.966Z] <<< [apiv2][body] GET https://firebase.googleapis.com/v1beta1/projects/task-master-7f062 {"projectId":"task-master-7f062","projectNumber":"739834578440","displayName":"task-master","name":"projects/task-master-7f062","resources":{"hostingSite":"task-master-7f062"},"state":"ACTIVE","etag":"1_ecb5eb5c-57a7-43c1-ac46-fc9a58083e33"}
[info] 
[info] === Deploying to 'task-master-7f062'...
[info] 
[info] i  deploying hosting 
[debug] [2022-12-30T12:44:54.974Z] >>> [apiv2][query] POST https://firebasehosting.googleapis.com/v1beta1/projects/-/sites/task-master-7f062/versions [none]
[debug] [2022-12-30T12:44:54.975Z] >>> [apiv2][body] POST https://firebasehosting.googleapis.com/v1beta1/projects/-/sites/task-master-7f062/versions {"status":"CREATED","labels":{"deployment-tool":"cli-firebase"}}
[debug] [2022-12-30T12:44:56.802Z] <<< [apiv2][status] POST https://firebasehosting.googleapis.com/v1beta1/projects/-/sites/task-master-7f062/versions 200
[debug] [2022-12-30T12:44:56.803Z] <<< [apiv2][body] POST https://firebasehosting.googleapis.com/v1beta1/projects/-/sites/task-master-7f062/versions {"name":"projects/739834578440/sites/task-master-7f062/versions/f13d4c9235d62434","status":"CREATED","config":{},"labels":{"deployment-tool":"cli-firebase"}}
[info] i  hosting[task-master-7f062]: beginning deploy... 
[info] i  hosting[task-master-7f062]: found 46 files in build 
[debug] [2022-12-30T12:44:56.816Z] [hosting] uploading with 200 concurrency
[debug] [2022-12-30T12:44:57.158Z] [hosting] hash cache [YnVpbGQ] stored for 46 files
[debug] [2022-12-30T12:44:57.159Z] [hosting][hash queue][FINAL] {"max":335,"min":9,"avg":18.08695652173913,"active":0,"complete":46,"success":46,"errored":0,"retried":0,"total":46,"elapsed":340}
[debug] [2022-12-30T12:44:57.159Z] >>> [apiv2][query] POST https://firebasehosting.googleapis.com/v1beta1/projects/739834578440/sites/task-master-7f062/versions/f13d4c9235d62434:populateFiles [none]
[debug] [2022-12-30T12:44:57.159Z] >>> [apiv2][body] POST https://firebasehosting.googleapis.com/v1beta1/projects/739834578440/sites/task-master-7f062/versions/f13d4c9235d62434:populateFiles {"files":{"/manifest.json":"341d52628782f8ac9290bbfc43298afccb47b7cbfcee146ae30cf0f46bc30900","/tasks.json":"a2bac509cd4fe81b9365418b598910ccfe41d15a6b47ed171c40b4e98a47584a","/favicon.ico":"b72f7455f00e4e58792d2bca892abb068e2213838c0316d6b7a0d6d16acd1955","/static/css/main.4b5477ae.css":"5450cd97a9c3a6fa0a03a3f234cda49b7eb1a485586cbf8a2bbfbeb308b9b468","/static/js/787.df562a60.chunk.js":"3291966e309a53346763a1d37539cf5067f8bf7b83cf3b70b15fb2fdb5f35339","/robots.txt":"391d14b3c2f8c9143a27a28c7399585142228d4d1bdbe2c87ac946de411fa9a2","/static/js/main.1cd7181b.js.LICENSE.txt":"25fd50ae794895e1147c9612d2fa032322f99b40ec5c66c72db8f371f3b04cde","/asset-manifest.json":"40e239712644c55bb4c33e7e7cd326159bd9655c18fbb7eff09866566638d8be","/index.html":"d229422755c23e70338a38bb242e3622f9664e4be5e758e52f5320202bddf594","/static/css/main.4b5477ae.css.map":"63a530a897efd25e1dae65bbb933aa255e34332810e68f98ad16b07b9ca755e5","/static/js/787.df562a60.chunk.js.map":"b592b1f32150da826d96741fa7a53e43d999adaef7c6dfc6d2abc5ae18248376","/static/media/roboto-cyrillic-300-normal.1431d1cef06ad04f5458.woff2":"76ccc8aecbff3dd74a02bb800258931333b04eb2c313a91757a609e0d4448689","/static/media/roboto-cyrillic-400-normal.71a33b6b50457b2c903a.woff2":"a65e121d3d1c5ec735c1d418364920830fb4f386dfea7b26f9330fb32bc9b7d4","/static/media/roboto-cyrillic-ext-400-normal.804378952da8a10faae2.woff2":"a0707b5225ff049cebfe93785724ed14d53682e36cc18e6c878464dac7163f25","/static/media/roboto-cyrillic-ext-500-normal.62ced72e5832f02c2796.woff2":"57f3ce54c412f0e24ac1417863ae88a8362593bcb85a44dc1d5714a610174b08","/static/media/roboto-cyrillic-700-normal.d010f1f324e111a22e53.woff2":"5b284252f07c9cfaa5b503462f10b35c780af9d9430ce93d03ec31d3bd0714b0","/static/media/roboto-cyrillic-ext-300-normal.4777461b144e55145268.woff2":"145d19332942c7497bc3e0e3463ecc201b0c384d8ede020d144179322c3cbe7b","/static/media/roboto-greek-400-normal.c35e4c3958e209d17b31.woff2":"4be08313bfb535cdb2fe870c32ee8a70e2a866c1d49216d13c48b9b1bb66a7fd","/static/media/roboto-cyrillic-500-normal.cad7d3d9cb265e334e58.woff2":"d2958fe6ecc4d02c457590ec8665933312ac72aa9b0567480ced9b38bc5fe583","/static/media/roboto-greek-500-normal.9ac81fefbe6c319ea40b.woff2":"3401cfa9bb495e784a32d07290d0fc973a9ab4bcdeb00afda9c5ab0deb47b7c4","/static/media/roboto-greek-300-normal.db2632771401f61463fe.woff2":"d821e7b851896fe20f65789c8ba40238bda61db7ed9447abdf5def495fa9402d","/static/media/roboto-cyrillic-ext-700-normal.be4d02458ce53887dc37.woff2":"4fbc9ce318443f69e050936fe265a17d2aa6647324b7fc6dd2b5317589b551e0","/static/media/roboto-greek-ext-400-normal.169619821ea93019d1bb.woff2":"220044472b5c16e7d7cca2689f9068cdcb43b7fa217b8e7499ee677267358c75","/static/media/roboto-greek-ext-300-normal.35b9d6be04b95f0f0530.woff2":"6b44428c8a1ed01b4418de0af93718c0d1f2c6833318cf3bbbf0c8c74d4add46","/static/media/roboto-greek-ext-500-normal.6fb9cffb1d3e72bf9293.woff2":"12e4b5d9ae8cfa395fbe2a096663de042661a414384afd1b2558a565b0cd5336","/static/media/roboto-greek-700-normal.50e795c1345353b0e996.woff2":"666512970f8c159deb81a7e46fe709e2aafb9daf0318d6c7d9209ab8c2e60e60","/static/media/roboto-latin-300-normal.c48fb6765a9fcb00b330.woff2":"6110895936e1ff4c0791bb0dea12ea25021f2577c0b06c8180254a55ef23c966","/static/media/roboto-latin-500-normal.f25d774ecfe0996f8eb5.woff2":"77844d26cfa14974d735ba2a23ebfff66df861fec136dd2e135e364e6321e22b","/static/media/roboto-latin-700-normal.227c93190fe7f82de3f8.woff2":"41e5d84c6355428e56b4d676fadbb2f2dfde44db4e0f349adb143c155282536f","/static/media/roboto-latin-ext-300-normal.dc7dcec8e3f654e0ed63.woff2":"d6424c0aabf98b13b9ce03c9d827af56cbadc9a8d122175f31e5b3f5690ae824","/static/media/roboto-greek-ext-700-normal.bd9854c751441ccc1a70.woff2":"369b80ed62c25d91b349774b01de3adf4de73c35a2dfd49e7a5267ec0bcbd13e","/static/media/roboto-latin-ext-500-normal.9165081d10e1ba601384.woff2":"1fcf16b060fb6d4b1439bc7d5fe6c609e0fc6f9a7e55d9e04d66b580b4a066ae","/static/media/roboto-vietnamese-500-normal.d8642a3d1d4ef6179644.woff2":"beeaa62b8a74df073c6504b810c7ead7c144f910d5cb32df13eda6916a97290e","/static/media/roboto-vietnamese-700-normal.3425a701027d0699e369.woff2":"4e8fc31684ebe9d0d94764b324dd3caed8b252a0fee8fb97adfa9a63c04d78ca","/static/media/roboto-vietnamese-300-normal.32fc45a3d1e8ea11fabc.woff2":"d7bbbb0cd48851517018fb6c417c593aca8bbea5b857c154e982c02344d44f36","/static/media/roboto-latin-ext-400-normal.861b791f9de857a6e7bc.woff2":"b15d053cf6e410192642ce0089601065e56401bca3655dc9b4a0046872fc0012","/static/media/roboto-latin-400-normal.b009a76ad6afe4ebd301.woff2":"7b0585479edc407ba325c9837270ef0dabc1fe454e2759c1ec65ac14b4be16d4","/static/media/roboto-latin-ext-700-normal.ed67ad54b1a8f5d21150.woff2":"17cc9e5f59729838fd79585729ae7fe87ca89658cf7ad23b994b3ba31f4d2ed9","/static/media/roboto-vietnamese-400-normal.3230f9b040f3c630e0c3.woff2":"02c24d26aa8b3e058bd603abe2d8f72596321ba234203d6e67e6fb0e17aba654","/static/media/roboto-all-300-normal.168d6383e73339293ac3.woff":"b75d2f993f4d871075e7c8aac718bda2b57672fa1b38d00d99b4e62c65ef642f","/static/media/roboto-all-400-normal.c5d001fa922fa66a147f.woff":"6e3c007907af5e9cd0d05cb7bfc1c89259c2a16677005f27cc02648915b1cf1e","/static/media/roboto-all-700-normal.a457fde362a540fcadff.woff":"184e8450513fc98157df217f906c3e15f865b6276f48250b2a1d158f7057a501","/todo-icon.png":"fb2a0b4e2cdaf4bf08dfa1c17e089d314bd31fd102aec47959c37e260c25eb42","/static/media/roboto-all-500-normal.0ab669b7a0d19b178f57.woff":"c35f730246889f9ae2cb8408cf01076ef193daad92e2a89c6932149356073d4a","/static/js/main.1cd7181b.js":"61931de56e74dc040da14d1b0599bf89be838e8d3fd5f09af4f7feecfab7a044","/static/js/main.1cd7181b.js.map":"5ad9ef26612d3b4225b0f98e656da07796c87046b162dca6b5add316e8b27936"}}
[debug] [2022-12-30T12:44:58.559Z] <<< [apiv2][status] POST https://firebasehosting.googleapis.com/v1beta1/projects/739834578440/sites/task-master-7f062/versions/f13d4c9235d62434:populateFiles 200
[debug] [2022-12-30T12:44:58.560Z] <<< [apiv2][body] POST https://firebasehosting.googleapis.com/v1beta1/projects/739834578440/sites/task-master-7f062/versions/f13d4c9235d62434:populateFiles {"uploadRequiredHashes":["40e239712644c55bb4c33e7e7cd326159bd9655c18fbb7eff09866566638d8be","d229422755c23e70338a38bb242e3622f9664e4be5e758e52f5320202bddf594","25fd50ae794895e1147c9612d2fa032322f99b40ec5c66c72db8f371f3b04cde","61931de56e74dc040da14d1b0599bf89be838e8d3fd5f09af4f7feecfab7a044","5450cd97a9c3a6fa0a03a3f234cda49b7eb1a485586cbf8a2bbfbeb308b9b468","63a530a897efd25e1dae65bbb933aa255e34332810e68f98ad16b07b9ca755e5","5ad9ef26612d3b4225b0f98e656da07796c87046b162dca6b5add316e8b27936"],"uploadUrl":"https://upload-firebasehosting.googleapis.com/upload/sites/task-master-7f062/versions/f13d4c9235d62434/files"}
[debug] [2022-12-30T12:44:58.562Z] >>> [apiv2][query] POST https://upload-firebasehosting.googleapis.com/upload/sites/task-master-7f062/versions/f13d4c9235d62434/files/40e239712644c55bb4c33e7e7cd326159bd9655c18fbb7eff09866566638d8be [none]
[debug] [2022-12-30T12:44:58.562Z] >>> [apiv2][body] POST https://upload-firebasehosting.googleapis.com/upload/sites/task-master-7f062/versions/f13d4c9235d62434/files/40e239712644c55bb4c33e7e7cd326159bd9655c18fbb7eff09866566638d8be [stream]
[debug] [2022-12-30T12:44:58.565Z] >>> [apiv2][query] POST https://upload-firebasehosting.googleapis.com/upload/sites/task-master-7f062/versions/f13d4c9235d62434/files/d229422755c23e70338a38bb242e3622f9664e4be5e758e52f5320202bddf594 [none]
[debug] [2022-12-30T12:44:58.565Z] >>> [apiv2][body] POST https://upload-firebasehosting.googleapis.com/upload/sites/task-master-7f062/versions/f13d4c9235d62434/files/d229422755c23e70338a38bb242e3622f9664e4be5e758e52f5320202bddf594 [stream]
[debug] [2022-12-30T12:44:58.566Z] >>> [apiv2][query] POST https://upload-firebasehosting.googleapis.com/upload/sites/task-master-7f062/versions/f13d4c9235d62434/files/25fd50ae794895e1147c9612d2fa032322f99b40ec5c66c72db8f371f3b04cde [none]
[debug] [2022-12-30T12:44:58.566Z] >>> [apiv2][body] POST https://upload-firebasehosting.googleapis.com/upload/sites/task-master-7f062/versions/f13d4c9235d62434/files/25fd50ae794895e1147c9612d2fa032322f99b40ec5c66c72db8f371f3b04cde [stream]
[debug] [2022-12-30T12:44:58.567Z] >>> [apiv2][query] POST https://upload-firebasehosting.googleapis.com/upload/sites/task-master-7f062/versions/f13d4c9235d62434/files/61931de56e74dc040da14d1b0599bf89be838e8d3fd5f09af4f7feecfab7a044 [none]
[debug] [2022-12-30T12:44:58.569Z] >>> [apiv2][body] POST https://upload-firebasehosting.googleapis.com/upload/sites/task-master-7f062/versions/f13d4c9235d62434/files/61931de56e74dc040da14d1b0599bf89be838e8d3fd5f09af4f7feecfab7a044 [stream]
[debug] [2022-12-30T12:44:58.570Z] >>> [apiv2][query] POST https://upload-firebasehosting.googleapis.com/upload/sites/task-master-7f062/versions/f13d4c9235d62434/files/5450cd97a9c3a6fa0a03a3f234cda49b7eb1a485586cbf8a2bbfbeb308b9b468 [none]
[debug] [2022-12-30T12:44:58.570Z] >>> [apiv2][body] POST https://upload-firebasehosting.googleapis.com/upload/sites/task-master-7f062/versions/f13d4c9235d62434/files/5450cd97a9c3a6fa0a03a3f234cda49b7eb1a485586cbf8a2bbfbeb308b9b468 [stream]
[debug] [2022-12-30T12:44:58.572Z] >>> [apiv2][query] POST https://upload-firebasehosting.googleapis.com/upload/sites/task-master-7f062/versions/f13d4c9235d62434/files/63a530a897efd25e1dae65bbb933aa255e34332810e68f98ad16b07b9ca755e5 [none]
[debug] [2022-12-30T12:44:58.572Z] >>> [apiv2][body] POST https://upload-firebasehosting.googleapis.com/upload/sites/task-master-7f062/versions/f13d4c9235d62434/files/63a530a897efd25e1dae65bbb933aa255e34332810e68f98ad16b07b9ca755e5 [stream]
[debug] [2022-12-30T12:44:58.573Z] >>> [apiv2][query] POST https://upload-firebasehosting.googleapis.com/upload/sites/task-master-7f062/versions/f13d4c9235d62434/files/5ad9ef26612d3b4225b0f98e656da07796c87046b162dca6b5add316e8b27936 [none]
[debug] [2022-12-30T12:44:58.573Z] >>> [apiv2][body] POST https://upload-firebasehosting.googleapis.com/upload/sites/task-master-7f062/versions/f13d4c9235d62434/files/5ad9ef26612d3b4225b0f98e656da07796c87046b162dca6b5add316e8b27936 [stream]
[debug] [2022-12-30T12:44:58.575Z] [hosting][populate queue][FINAL] {"max":1405,"min":1405,"avg":1405,"active":0,"complete":1,"success":1,"errored":0,"retried":0,"total":1,"elapsed":1418}
[debug] [2022-12-30T12:44:58.575Z] [hosting] uploads queued: 7
[debug] [2022-12-30T12:45:00.406Z] <<< [apiv2][status] POST https://upload-firebasehosting.googleapis.com/upload/sites/task-master-7f062/versions/f13d4c9235d62434/files/63a530a897efd25e1dae65bbb933aa255e34332810e68f98ad16b07b9ca755e5 200
[debug] [2022-12-30T12:45:00.406Z] <<< [apiv2][body] POST https://upload-firebasehosting.googleapis.com/upload/sites/task-master-7f062/versions/f13d4c9235d62434/files/63a530a897efd25e1dae65bbb933aa255e34332810e68f98ad16b07b9ca755e5 [stream]
[debug] [2022-12-30T12:45:00.406Z] <<< [apiv2][status] POST https://upload-firebasehosting.googleapis.com/upload/sites/task-master-7f062/versions/f13d4c9235d62434/files/5450cd97a9c3a6fa0a03a3f234cda49b7eb1a485586cbf8a2bbfbeb308b9b468 200
[debug] [2022-12-30T12:45:00.406Z] <<< [apiv2][body] POST https://upload-firebasehosting.googleapis.com/upload/sites/task-master-7f062/versions/f13d4c9235d62434/files/5450cd97a9c3a6fa0a03a3f234cda49b7eb1a485586cbf8a2bbfbeb308b9b468 [stream]
[debug] [2022-12-30T12:45:00.407Z] <<< [apiv2][status] POST https://upload-firebasehosting.googleapis.com/upload/sites/task-master-7f062/versions/f13d4c9235d62434/files/25fd50ae794895e1147c9612d2fa032322f99b40ec5c66c72db8f371f3b04cde 200
[debug] [2022-12-30T12:45:00.409Z] <<< [apiv2][body] POST https://upload-firebasehosting.googleapis.com/upload/sites/task-master-7f062/versions/f13d4c9235d62434/files/25fd50ae794895e1147c9612d2fa032322f99b40ec5c66c72db8f371f3b04cde [stream]
[debug] [2022-12-30T12:45:00.416Z] <<< [apiv2][status] POST https://upload-firebasehosting.googleapis.com/upload/sites/task-master-7f062/versions/f13d4c9235d62434/files/d229422755c23e70338a38bb242e3622f9664e4be5e758e52f5320202bddf594 200
[debug] [2022-12-30T12:45:00.416Z] <<< [apiv2][body] POST https://upload-firebasehosting.googleapis.com/upload/sites/task-master-7f062/versions/f13d4c9235d62434/files/d229422755c23e70338a38bb242e3622f9664e4be5e758e52f5320202bddf594 [stream]
[debug] [2022-12-30T12:45:00.703Z] <<< [apiv2][status] POST https://upload-firebasehosting.googleapis.com/upload/sites/task-master-7f062/versions/f13d4c9235d62434/files/61931de56e74dc040da14d1b0599bf89be838e8d3fd5f09af4f7feecfab7a044 200
[debug] [2022-12-30T12:45:00.704Z] <<< [apiv2][body] POST https://upload-firebasehosting.googleapis.com/upload/sites/task-master-7f062/versions/f13d4c9235d62434/files/61931de56e74dc040da14d1b0599bf89be838e8d3fd5f09af4f7feecfab7a044 [stream]
[debug] [2022-12-30T12:45:00.795Z] <<< [apiv2][status] POST https://upload-firebasehosting.googleapis.com/upload/sites/task-master-7f062/versions/f13d4c9235d62434/files/40e239712644c55bb4c33e7e7cd326159bd9655c18fbb7eff09866566638d8be 200
[debug] [2022-12-30T12:45:00.795Z] <<< [apiv2][body] POST https://upload-firebasehosting.googleapis.com/upload/sites/task-master-7f062/versions/f13d4c9235d62434/files/40e239712644c55bb4c33e7e7cd326159bd9655c18fbb7eff09866566638d8be [stream]
[debug] [2022-12-30T12:45:01.430Z] <<< [apiv2][status] POST https://upload-firebasehosting.googleapis.com/upload/sites/task-master-7f062/versions/f13d4c9235d62434/files/5ad9ef26612d3b4225b0f98e656da07796c87046b162dca6b5add316e8b27936 200
[debug] [2022-12-30T12:45:01.430Z] <<< [apiv2][body] POST https://upload-firebasehosting.googleapis.com/upload/sites/task-master-7f062/versions/f13d4c9235d62434/files/5ad9ef26612d3b4225b0f98e656da07796c87046b162dca6b5add316e8b27936 [stream]
[debug] [2022-12-30T12:45:01.430Z] [hosting][upload queue][FINAL] {"max":2868,"min":1844,"avg":2091.285714285714,"active":0,"complete":7,"success":7,"errored":0,"retried":0,"total":7,"elapsed":2870}
[info] ✔  hosting[task-master-7f062]: file upload complete 
[debug] [2022-12-30T12:45:01.434Z] [hosting] deploy completed after 4628ms
[debug] [2022-12-30T12:45:01.438Z] [
  {
    "config": {
      "public": "build",
      "ignore": [
        "firebase.json",
        "**/.*",
        "**/node_modules/**"
      ],
      "rewrites": [
        {
          "source": "**",
          "destination": "/index.html"
        }
      ],
      "site": "task-master-7f062"
    },
    "version": "projects/739834578440/sites/task-master-7f062/versions/f13d4c9235d62434"
  }
]
[info] i  hosting[task-master-7f062]: finalizing version... 
[debug] [2022-12-30T12:45:01.442Z] >>> [apiv2][query] PATCH https://firebasehosting.googleapis.com/v1beta1/projects/-/sites/task-master-7f062/versions/f13d4c9235d62434 updateMask=status%2Cconfig
[debug] [2022-12-30T12:45:01.442Z] >>> [apiv2][body] PATCH https://firebasehosting.googleapis.com/v1beta1/projects/-/sites/task-master-7f062/versions/f13d4c9235d62434 {"status":"FINALIZED","config":{"rewrites":[{"glob":"**","path":"/index.html"}]}}
[debug] [2022-12-30T12:45:03.341Z] <<< [apiv2][status] PATCH https://firebasehosting.googleapis.com/v1beta1/projects/-/sites/task-master-7f062/versions/f13d4c9235d62434 200
[debug] [2022-12-30T12:45:03.342Z] <<< [apiv2][body] PATCH https://firebasehosting.googleapis.com/v1beta1/projects/-/sites/task-master-7f062/versions/f13d4c9235d62434 {"name":"projects/739834578440/sites/task-master-7f062/versions/f13d4c9235d62434","status":"FINALIZED","config":{"rewrites":[{"glob":"**","path":"/index.html"}]},"labels":{"deployment-tool":"cli-firebase"},"createTime":"2022-12-30T12:44:56.093794Z","createUser":{"email":"MNRahaman3954@gmail.com"},"finalizeTime":"2022-12-30T12:45:02.927593Z","finalizeUser":{"email":"MNRahaman3954@gmail.com"}}
[debug] [2022-12-30T12:45:03.343Z] [hosting] finalized version for task-master-7f062:[object Object]
[info] ✔  hosting[task-master-7f062]: version finalized 
[info] i  hosting[task-master-7f062]: releasing new version... 
[debug] [2022-12-30T12:45:03.344Z] >>> [apiv2][query] POST https://firebasehosting.googleapis.com/v1beta1/projects/-/sites/task-master-7f062/channels/live/releases versionName=projects%2F739834578440%2Fsites%2Ftask-master-7f062%2Fversions%2Ff13d4c9235d62434
[debug] [2022-12-30T12:45:03.344Z] >>> [apiv2][body] POST https://firebasehosting.googleapis.com/v1beta1/projects/-/sites/task-master-7f062/channels/live/releases {}
